<?xml version="1.0" encoding="UTF-8"?>
<testsuite name="com.citymemory.ui.ScreenInteractionTest" tests="14" skipped="0" failures="0" errors="0" timestamp="2026-08-14T13:07:04.547Z" hostname="macs-MacBook-Pro.local" time="1.931">
  <properties/>
  <testcase name="the wishlist toggle flips its own accessibility label" classname="com.citymemory.ui.ScreenInteractionTest" time="0.583"/>
  <testcase name="wishlisting from detail updates the button label" classname="com.citymemory.ui.ScreenInteractionTest" time="0.123"/>
  <testcase name="wishlist lists saved places and removing one empties it again" classname="com.citymemory.ui.ScreenInteractionTest" time="0.1"/>
  <testcase name="a visited wishlist place moves to the explored section" classname="com.citymemory.ui.ScreenInteractionTest" time="0.053"/>
  <testcase name="wishlist shows its empty state before anything is saved" classname="com.citymemory.ui.ScreenInteractionTest" time="0.065"/>
  <testcase name="marking a place visited flips the primary action to explored" classname="com.citymemory.ui.ScreenInteractionTest" time="0.111"/>
  <testcase name="progress starts at zero and reflects a visit" classname="com.citymemory.ui.ScreenInteractionTest" time="0.125"/>
  <testcase name="tapping a place card reports its id for navigation" classname="com.citymemory.ui.ScreenInteractionTest" time="0.117"/>
  <testcase name="a search with no matches shows the empty state" classname="com.citymemory.ui.ScreenInteractionTest" time="0.165"/>
  <testcase name="the navigate button hands off to the launcher with the right coordinates" classname="com.citymemory.ui.ScreenInteractionTest" time="0.068"/>
  <testcase name="search also matches a place description" classname="com.citymemory.ui.ScreenInteractionTest" time="0.117"/>
  <testcase name="achievements unlock from state alone" classname="com.citymemory.ui.ScreenInteractionTest" time="0.09"/>
  <testcase name="searching narrows the catalog to matching places" classname="com.citymemory.ui.ScreenInteractionTest" time="0.122"/>
  <testcase name="discover lists the seeded catalog" classname="com.citymemory.ui.ScreenInteractionTest" time="0.091"/>
  <system-out><![CDATA[]]></system-out>
  <system-err><![CDATA[]]></system-err>
</testsuite>
