<?xml version="1.0" encoding="UTF-8"?>
<testsuite name="com.citymemory.ui.MapGestureTest" tests="8" skipped="0" failures="0" errors="0" timestamp="2026-08-14T13:07:03.268Z" hostname="macs-MacBook-Pro.local" time="1.275">
  <properties/>
  <testcase name="a tap on a place is reported and never waits to become a double tap" classname="com.citymemory.ui.MapGestureTest" time="1.062"/>
  <testcase name="a pinch starts on its very first move, with no dead zone" classname="com.citymemory.ui.MapGestureTest" time="0.034"/>
  <testcase name="a lone tap on empty map is still reported" classname="com.citymemory.ui.MapGestureTest" time="0.036"/>
  <testcase name="a pinch settles where the fingers left it rather than coasting" classname="com.citymemory.ui.MapGestureTest" time="0.032"/>
  <testcase name="two taps on empty map zoom in" classname="com.citymemory.ui.MapGestureTest" time="0.027"/>
  <testcase name="a pinch reports the full zoom, with none of it eaten by touch slop" classname="com.citymemory.ui.MapGestureTest" time="0.028"/>
  <testcase name="a long enough drag pans and hands back a velocity to fling with" classname="com.citymemory.ui.MapGestureTest" time="0.026"/>
  <testcase name="one finger has to clear the touch slop before the map moves" classname="com.citymemory.ui.MapGestureTest" time="0.029"/>
  <system-out><![CDATA[]]></system-out>
  <system-err><![CDATA[]]></system-err>
</testsuite>
