<?xml version="1.0" encoding="UTF-8"?>
<testsuite name="com.citymemory.data.CityMapAssetTest" tests="10" skipped="0" failures="0" errors="0" timestamp="2026-08-14T13:07:00.231Z" hostname="macs-MacBook-Pro.local" time="0.192">
  <properties/>
  <testcase name="every seeded place falls inside the map" classname="com.citymemory.data.CityMapAssetTest" time="0.026"/>
  <testcase name="the asset carries every kind the renderer styles" classname="com.citymemory.data.CityMapAssetTest" time="0.017"/>
  <testcase name="codec round-trips delta and zigzag encoded coordinates" classname="com.citymemory.data.CityMapAssetTest" time="0.0"/>
  <testcase name="every seeded place has geometry inside its lit area" classname="com.citymemory.data.CityMapAssetTest" time="0.078"/>
  <testcase name="real asset decodes into a substantial amount of geometry" classname="com.citymemory.data.CityMapAssetTest" time="0.011"/>
  <testcase name="real asset is framed on Mumbai" classname="com.citymemory.data.CityMapAssetTest" time="0.008"/>
  <testcase name="every seeded place has street-level detail inside its lit area" classname="com.citymemory.data.CityMapAssetTest" time="0.039"/>
  <testcase name="areas are closeable and lines are drawable" classname="com.citymemory.data.CityMapAssetTest" time="0.012"/>
  <testcase name="a file that is not a city map is rejected" classname="com.citymemory.data.CityMapAssetTest" time="0.001"/>
  <testcase name="truncated data is rejected rather than silently half-decoded" classname="com.citymemory.data.CityMapAssetTest" time="0.0"/>
  <system-out><![CDATA[]]></system-out>
  <system-err><![CDATA[]]></system-err>
</testsuite>
