<?xml version="1.0" encoding="UTF-8"?>
<testsuite name="com.citymemory.util.NavigationLauncherTest" tests="5" skipped="0" failures="0" errors="0" timestamp="2026-08-14T13:07:06.481Z" hostname="macs-MacBook-Pro.local" time="0.035">
  <properties/>
  <testcase name="falls back to a generic geo uri when google maps is absent" classname="com.citymemory.util.NavigationLauncherTest" time="0.011"/>
  <testcase name="coordinates are formatted with a decimal point regardless of locale" classname="com.citymemory.util.NavigationLauncherTest" time="0.006"/>
  <testcase name="reports no handler when the device can open nothing at all" classname="com.citymemory.util.NavigationLauncherTest" time="0.005"/>
  <testcase name="falls back to the web when no maps app is installed" classname="com.citymemory.util.NavigationLauncherTest" time="0.005"/>
  <testcase name="prefers turn-by-turn directions when google maps is installed" classname="com.citymemory.util.NavigationLauncherTest" time="0.007"/>
  <system-out><![CDATA[]]></system-out>
  <system-err><![CDATA[]]></system-err>
</testsuite>
