<?xml version="1.0" encoding="UTF-8"?>
<testsuite name="com.citymemory.domain.ExplorationSummarizerTest" tests="12" skipped="0" failures="0" errors="0" timestamp="2026-08-18T10:46:45.529Z" hostname="macs-MacBook-Pro.local" time="0.002">
  <properties/>
  <testcase name="visits to next level is null only at max level" classname="com.citymemory.domain.ExplorationSummarizerTest" time="0.001"/>
  <testcase name="city explorer unlocks on the tenth neighbourhood" classname="com.citymemory.domain.ExplorationSummarizerTest" time="0.001"/>
  <testcase name="category progress only includes categories present in the dataset" classname="com.citymemory.domain.ExplorationSummarizerTest" time="0.0"/>
  <testcase name="percent counts visited over total" classname="com.citymemory.domain.ExplorationSummarizerTest" time="0.0"/>
  <testcase name="percent rounds down so 100 percent means genuinely complete" classname="com.citymemory.domain.ExplorationSummarizerTest" time="0.0"/>
  <testcase name="explorer level climbs with visit thresholds" classname="com.citymemory.domain.ExplorationSummarizerTest" time="0.0"/>
  <testcase name="tourist achievement ignores non-tourist visits" classname="com.citymemory.domain.ExplorationSummarizerTest" time="0.0"/>
  <testcase name="foodie counts cafes and restaurants together" classname="com.citymemory.domain.ExplorationSummarizerTest" time="0.0"/>
  <testcase name="empty dataset yields empty progress rather than dividing by zero" classname="com.citymemory.domain.ExplorationSummarizerTest" time="0.0"/>
  <testcase name="wishlist count is independent of visited count" classname="com.citymemory.domain.ExplorationSummarizerTest" time="0.0"/>
  <testcase name="achievements are derived, so undoing a visit re-locks them" classname="com.citymemory.domain.ExplorationSummarizerTest" time="0.0"/>
  <testcase name="first exploration unlocks on a single visit and never exceeds its target" classname="com.citymemory.domain.ExplorationSummarizerTest" time="0.0"/>
  <system-out><![CDATA[]]></system-out>
  <system-err><![CDATA[]]></system-err>
</testsuite>
